# JRE version: Java(TM) SE Runtime Environment (8.0_45-b15) (build 1.8.0_45-b15)
# Java VM: Java HotSpot(TM) Client VM (25.45-b02 mixed mode windows-x86 )
Heap:
 def new generation   total 78656K, used 0K [0x03c00000, 0x09150000, 0x09150000)
  eden space 69952K,   0% used [0x03c00000, 0x03c00000, 0x08050000)
  from space 8704K,   0% used [0x088d0000, 0x088d0000, 0x09150000)
  to   space 8704K,   0% used [0x08050000, 0x08050000, 0x088d0000)
 tenured generation   total 174784K, used 85141K [0x09150000, 0x13c00000, 0x13c00000)
   the space 174784K,  48% used [0x09150000, 0x0e4756d0, 0x0e475800, 0x13c00000)
 Metaspace       used 84106K, capacity 84670K, committed 84736K, reserved 85376K
GC Heap History (10 events):
Event: 1311.992 GC heap after
Heap after GC invocations=167 (full 12):
 def new generation   total 78656K, used 8704K [0x03c00000, 0x09150000, 0x09150000)
  eden space 69952K,   0% used [0x03c00000, 0x03c00000, 0x08050000)
  from space 8704K, 100% used [0x088d0000, 0x09150000, 0x09150000)
  to   space 8704K,   0% used [0x08050000, 0x08050000, 0x088d0000)
 tenured generation   total 174784K, used 110842K [0x09150000, 0x13c00000, 0x13c00000)
   the space 174784K,  63% used [0x09150000, 0x0fd8e988, 0x0fd8ea00, 0x13c00000)
 Metaspace       used 80875K, capacity 81345K, committed 81536K, reserved 82304K
}
Event: 1314.210 GC heap before
{Heap before GC invocations=167 (full 12):
 def new generation   total 78656K, used 78656K [0x03c00000, 0x09150000, 0x09150000)
  eden space 69952K, 100% used [0x03c00000, 0x08050000, 0x08050000)
  from space 8704K, 100% used [0x088d0000, 0x09150000, 0x09150000)
  to   space 8704K,   0% used [0x08050000, 0x08050000, 0x088d0000)
 tenured generation   total 174784K, used 110842K [0x09150000, 0x13c00000, 0x13c00000)
   the space 174784K,  63% used [0x09150000, 0x0fd8e988, 0x0fd8ea00, 0x13c00000)
 Metaspace       used 83152K, capacity 83649K, committed 83712K, reserved 84352K
Event: 1314.328 GC heap after
Heap after GC invocations=168 (full 12):
 def new generation   total 78656K, used 6995K [0x03c00000, 0x09150000, 0x09150000)
  eden space 69952K,   0% used [0x03c00000, 0x03c00000, 0x08050000)
  from space 8704K,  80% used [0x08050000, 0x08724cb8, 0x088d0000)
  to   space 8704K,   0% used [0x088d0000, 0x088d0000, 0x09150000)
 tenured generation   total 174784K, used 119309K [0x09150000, 0x13c00000, 0x13c00000)
   the space 174784K,  68% used [0x09150000, 0x105d3460, 0x105d3600, 0x13c00000)
 Metaspace       used 83152K, capacity 83649K, committed 83712K, reserved 84352K
}
Event: 1316.407 GC heap before
{Heap before GC invocations=168 (full 12):
 def new generation   total 78656K, used 76947K [0x03c00000, 0x09150000, 0x09150000)
  eden space 69952K, 100% used [0x03c00000, 0x08050000, 0x08050000)
  from space 8704K,  80% used [0x08050000, 0x08724cb8, 0x088d0000)
  to   space 8704K,   0% used [0x088d0000, 0x088d0000, 0x09150000)
 tenured generation   total 174784K, used 119309K [0x09150000, 0x13c00000, 0x13c00000)
   the space 174784K,  68% used [0x09150000, 0x105d3460, 0x105d3600, 0x13c00000)
 Metaspace       used 83711K, capacity 84265K, committed 84352K, reserved 84352K
Event: 1316.519 GC heap after
Heap after GC invocations=169 (full 12):
 def new generation   total 78656K, used 8704K [0x03c00000, 0x09150000, 0x09150000)
  eden space 69952K,   0% used [0x03c00000, 0x03c00000, 0x08050000)
  from space 8704K, 100% used [0x088d0000, 0x09150000, 0x09150000)
  to   space 8704K,   0% used [0x08050000, 0x08050000, 0x088d0000)
 tenured generation   total 174784K, used 127669K [0x09150000, 0x13c00000, 0x13c00000)
   the space 174784K,  73% used [0x09150000, 0x10dfd5e0, 0x10dfd600, 0x13c00000)
 Metaspace       used 83711K, capacity 84265K, committed 84352K, reserved 84352K
}
Event: 1621.404 GC heap before
{Heap before GC invocations=169 (full 12):
 def new generation   total 78656K, used 78656K [0x03c00000, 0x09150000, 0x09150000)
  eden space 69952K, 100% used [0x03c00000, 0x08050000, 0x08050000)
  from space 8704K, 100% used [0x088d0000, 0x09150000, 0x09150000)
  to   space 8704K,   0% used [0x08050000, 0x08050000, 0x088d0000)
 tenured generation   total 174784K, used 127669K [0x09150000, 0x13c00000, 0x13c00000)
   the space 174784K,  73% used [0x09150000, 0x10dfd5e0, 0x10dfd600, 0x13c00000)
 Metaspace       used 83815K, capacity 84372K, committed 84480K, reserved 85376K
Event: 1621.705 GC heap after
Heap after GC invocations=170 (full 12):
 def new generation   total 78656K, used 3591K [0x03c00000, 0x09150000, 0x09150000)
  eden space 69952K,   0% used [0x03c00000, 0x03c00000, 0x08050000)
  from space 8704K,  41% used [0x08050000, 0x083d1d70, 0x088d0000)
  to   space 8704K,   0% used [0x088d0000, 0x088d0000, 0x09150000)
 tenured generation   total 174784K, used 131447K [0x09150000, 0x13c00000, 0x13c00000)
   the space 174784K,  75% used [0x09150000, 0x111ade28, 0x111ae000, 0x13c00000)
 Metaspace       used 83815K, capacity 84372K, committed 84480K, reserved 85376K
}
Event: 1623.879 GC heap before
{Heap before GC invocations=170 (full 12):
 def new generation   total 78656K, used 73543K [0x03c00000, 0x09150000, 0x09150000)
  eden space 69952K, 100% used [0x03c00000, 0x08050000, 0x08050000)
  from space 8704K,  41% used [0x08050000, 0x083d1d70, 0x088d0000)
  to   space 8704K,   0% used [0x088d0000, 0x088d0000, 0x09150000)
 tenured generation   total 174784K, used 131447K [0x09150000, 0x13c00000, 0x13c00000)
   the space 174784K,  75% used [0x09150000, 0x111ade28, 0x111ae000, 0x13c00000)
 Metaspace       used 83900K, capacity 84478K, committed 84480K, reserved 85376K
Event: 1624.132 GC heap after
Heap after GC invocations=171 (full 12):
 def new generation   total 78656K, used 8704K [0x03c00000, 0x09150000, 0x09150000)
  eden space 69952K,   0% used [0x03c00000, 0x03c00000, 0x08050000)
  from space 8704K, 100% used [0x088d0000, 0x09150000, 0x09150000)
  to   space 8704K,   0% used [0x08050000, 0x08050000, 0x088d0000)
 tenured generation   total 174784K, used 149303K [0x09150000, 0x13c00000, 0x13c00000)
   the space 174784K,  85% used [0x09150000, 0x1231ddd8, 0x1231de00, 0x13c00000)
 Metaspace       used 83900K, capacity 84478K, committed 84480K, reserved 85376K
}
Event: 1628.860 GC heap before
{Heap before GC invocations=171 (full 12):
 def new generation   total 78656K, used 78656K [0x03c00000, 0x09150000, 0x09150000)
  eden space 69952K, 100% used [0x03c00000, 0x08050000, 0x08050000)
  from space 8704K, 100% used [0x088d0000, 0x09150000, 0x09150000)
  to   space 8704K,   0% used [0x08050000, 0x08050000, 0x088d0000)
 tenured generation   total 174784K, used 149303K [0x09150000, 0x13c00000, 0x13c00000)
   the space 174784K,  85% used [0x09150000, 0x1231ddd8, 0x1231de00, 0x13c00000)
 Metaspace       used 84106K, capacity 84670K, committed 84736K, reserved 85376K

