# JRE version: Java(TM) SE Runtime Environment (8.0_45-b15) (build 1.8.0_45-b15)
# Java VM: Java HotSpot(TM) Client VM (25.45-b02 mixed mode windows-x86 )
Heap:
 def new generation   total 78656K, used 78656K [0x03a00000, 0x08f50000, 0x08f50000)
  eden space 69952K, 100% used [0x03a00000, 0x07e50000, 0x07e50000)
  from space 8704K, 100% used [0x086d0000, 0x08f50000, 0x08f50000)
  to   space 8704K, 100% used [0x07e50000, 0x086d0000, 0x086d0000)
 tenured generation   total 174784K, used 174784K [0x08f50000, 0x13a00000, 0x13a00000)
   the space 174784K, 100% used [0x08f50000, 0x13a00000, 0x13a00000, 0x13a00000)
 Metaspace       used 86438K, capacity 87193K, committed 87296K, reserved 87424K
GC Heap History (10 events):
Event: 6389.697 GC heap after
Heap after GC invocations=183 (full 16):
 def new generation   total 78656K, used 1561K [0x03a00000, 0x08f50000, 0x08f50000)
  eden space 69952K,   0% used [0x03a00000, 0x03a00000, 0x07e50000)
  from space 8704K,  17% used [0x07e50000, 0x07fd64e8, 0x086d0000)
  to   space 8704K,   0% used [0x086d0000, 0x086d0000, 0x08f50000)
 tenured generation   total 174784K, used 136463K [0x08f50000, 0x13a00000, 0x13a00000)
   the space 174784K,  78% used [0x08f50000, 0x11493c18, 0x11493e00, 0x13a00000)
 Metaspace       used 85977K, capacity 86638K, committed 86784K, reserved 87424K
}
Event: 6871.433 GC heap before
{Heap before GC invocations=183 (full 16):
 def new generation   total 78656K, used 71503K [0x03a00000, 0x08f50000, 0x08f50000)
  eden space 69952K,  99% used [0x03a00000, 0x07e4d7e0, 0x07e50000)
  from space 8704K,  17% used [0x07e50000, 0x07fd64e8, 0x086d0000)
  to   space 8704K,   0% used [0x086d0000, 0x086d0000, 0x08f50000)
 tenured generation   total 174784K, used 136463K [0x08f50000, 0x13a00000, 0x13a00000)
   the space 174784K,  78% used [0x08f50000, 0x11493c18, 0x11493e00, 0x13a00000)
 Metaspace       used 85977K, capacity 86638K, committed 86784K, reserved 87424K
Event: 6871.568 GC heap after
Heap after GC invocations=184 (full 16):
 def new generation   total 78656K, used 7267K [0x03a00000, 0x08f50000, 0x08f50000)
  eden space 69952K,   0% used [0x03a00000, 0x03a00000, 0x07e50000)
  from space 8704K,  83% used [0x086d0000, 0x08de8ef0, 0x08f50000)
  to   space 8704K,   0% used [0x07e50000, 0x07e50000, 0x086d0000)
 tenured generation   total 174784K, used 136463K [0x08f50000, 0x13a00000, 0x13a00000)
   the space 174784K,  78% used [0x08f50000, 0x11493c18, 0x11493e00, 0x13a00000)
 Metaspace       used 85977K, capacity 86638K, committed 86784K, reserved 87424K
}
Event: 6878.439 GC heap before
{Heap before GC invocations=184 (full 16):
 def new generation   total 78656K, used 77219K [0x03a00000, 0x08f50000, 0x08f50000)
  eden space 69952K, 100% used [0x03a00000, 0x07e50000, 0x07e50000)
  from space 8704K,  83% used [0x086d0000, 0x08de8ef0, 0x08f50000)
  to   space 8704K,   0% used [0x07e50000, 0x07e50000, 0x086d0000)
 tenured generation   total 174784K, used 136463K [0x08f50000, 0x13a00000, 0x13a00000)
   the space 174784K,  78% used [0x08f50000, 0x11493c18, 0x11493e00, 0x13a00000)
 Metaspace       used 86154K, capacity 86849K, committed 87040K, reserved 87424K
Event: 6878.576 GC heap after
Heap after GC invocations=185 (full 16):
 def new generation   total 78656K, used 4753K [0x03a00000, 0x08f50000, 0x08f50000)
  eden space 69952K,   0% used [0x03a00000, 0x03a00000, 0x07e50000)
  from space 8704K,  54% used [0x07e50000, 0x082f4560, 0x086d0000)
  to   space 8704K,   0% used [0x086d0000, 0x086d0000, 0x08f50000)
 tenured generation   total 174784K, used 141425K [0x08f50000, 0x13a00000, 0x13a00000)
   the space 174784K,  80% used [0x08f50000, 0x1196c780, 0x1196c800, 0x13a00000)
 Metaspace       used 86154K, capacity 86849K, committed 87040K, reserved 87424K
}
Event: 7990.744 GC heap before
{Heap before GC invocations=185 (full 16):
 def new generation   total 78656K, used 74705K [0x03a00000, 0x08f50000, 0x08f50000)
  eden space 69952K, 100% used [0x03a00000, 0x07e50000, 0x07e50000)
  from space 8704K,  54% used [0x07e50000, 0x082f4560, 0x086d0000)
  to   space 8704K,   0% used [0x086d0000, 0x086d0000, 0x08f50000)
 tenured generation   total 174784K, used 141425K [0x08f50000, 0x13a00000, 0x13a00000)
   the space 174784K,  80% used [0x08f50000, 0x1196c780, 0x1196c800, 0x13a00000)
 Metaspace       used 86267K, capacity 86991K, committed 87168K, reserved 87424K
Event: 8003.446 GC heap after
Heap after GC invocations=186 (full 16):
 def new generation   total 78656K, used 1293K [0x03a00000, 0x08f50000, 0x08f50000)
  eden space 69952K,   0% used [0x03a00000, 0x03a00000, 0x07e50000)
  from space 8704K,  14% used [0x086d0000, 0x08813450, 0x08f50000)
  to   space 8704K,   0% used [0x07e50000, 0x07e50000, 0x086d0000)
 tenured generation   total 174784K, used 143022K [0x08f50000, 0x13a00000, 0x13a00000)
   the space 174784K,  81% used [0x08f50000, 0x11afbb90, 0x11afbc00, 0x13a00000)
 Metaspace       used 86267K, capacity 86991K, committed 87168K, reserved 87424K
}
Event: 8043.894 GC heap before
{Heap before GC invocations=186 (full 16):
 def new generation   total 78656K, used 71245K [0x03a00000, 0x08f50000, 0x08f50000)
  eden space 69952K, 100% used [0x03a00000, 0x07e50000, 0x07e50000)
  from space 8704K,  14% used [0x086d0000, 0x08813450, 0x08f50000)
  to   space 8704K,   0% used [0x07e50000, 0x07e50000, 0x086d0000)
 tenured generation   total 174784K, used 143022K [0x08f50000, 0x13a00000, 0x13a00000)
   the space 174784K,  81% used [0x08f50000, 0x11afbb90, 0x11afbc00, 0x13a00000)
 Metaspace       used 86351K, capacity 87097K, committed 87296K, reserved 87424K
Event: 8045.474 GC heap after
Heap after GC invocations=187 (full 16):
 def new generation   total 78656K, used 8704K [0x03a00000, 0x08f50000, 0x08f50000)
  eden space 69952K,   0% used [0x03a00000, 0x03a00000, 0x07e50000)
  from space 8704K, 100% used [0x07e50000, 0x086d0000, 0x086d0000)
  to   space 8704K,   0% used [0x086d0000, 0x086d0000, 0x08f50000)
 tenured generation   total 174784K, used 148100K [0x08f50000, 0x13a00000, 0x13a00000)
   the space 174784K,  84% used [0x08f50000, 0x11ff13f0, 0x11ff1400, 0x13a00000)
 Metaspace       used 86351K, capacity 87097K, committed 87296K, reserved 87424K
}
Event: 8054.741 GC heap before
{Heap before GC invocations=187 (full 16):
 def new generation   total 78656K, used 78656K [0x03a00000, 0x08f50000, 0x08f50000)
  eden space 69952K, 100% used [0x03a00000, 0x07e50000, 0x07e50000)
  from space 8704K, 100% used [0x07e50000, 0x086d0000, 0x086d0000)
  to   space 8704K,   0% used [0x086d0000, 0x086d0000, 0x08f50000)
 tenured generation   total 174784K, used 148100K [0x08f50000, 0x13a00000, 0x13a00000)
   the space 174784K,  84% used [0x08f50000, 0x11ff13f0, 0x11ff1400, 0x13a00000)
 Metaspace       used 86438K, capacity 87193K, committed 87296K, reserved 87424K

